c:\users\acer\documents\visual studio 2015\projects\patterngenerator\patterngenerator\debug\patterngenerator.pch
c:\users\acer\documents\visual studio 2015\projects\patterngenerator\patterngenerator\debug\vc140.pdb
c:\users\acer\documents\visual studio 2015\projects\patterngenerator\patterngenerator\debug\vc140.idb
c:\users\acer\documents\visual studio 2015\projects\patterngenerator\patterngenerator\debug\stdafx.obj
c:\users\acer\documents\visual studio 2015\projects\patterngenerator\patterngenerator\debug\calendarbar.obj
c:\users\acer\documents\visual studio 2015\projects\patterngenerator\patterngenerator\debug\mainfrm.obj
c:\users\acer\documents\visual studio 2015\projects\patterngenerator\patterngenerator\debug\patterngenerator.obj
c:\users\acer\documents\visual studio 2015\projects\patterngenerator\patterngenerator\debug\patterngeneratordoc.obj
c:\users\acer\documents\visual studio 2015\projects\patterngenerator\patterngenerator\debug\patterngeneratorview.obj
c:\users\acer\documents\visual studio 2015\projects\patterngenerator\debug\patterngenerator.ilk
c:\users\acer\documents\visual studio 2015\projects\patterngenerator\debug\patterngenerator.exe
c:\users\acer\documents\visual studio 2015\projects\patterngenerator\debug\patterngenerator.pdb
c:\users\acer\documents\visual studio 2015\projects\patterngenerator\patterngenerator\debug\patterngenerator.res
c:\users\acer\documents\visual studio 2015\projects\patterngenerator\patterngenerator\debug\patterngenerator.tlog\cl.command.1.tlog
c:\users\acer\documents\visual studio 2015\projects\patterngenerator\patterngenerator\debug\patterngenerator.tlog\cl.read.1.tlog
c:\users\acer\documents\visual studio 2015\projects\patterngenerator\patterngenerator\debug\patterngenerator.tlog\cl.write.1.tlog
c:\users\acer\documents\visual studio 2015\projects\patterngenerator\patterngenerator\debug\patterngenerator.tlog\link.command.1.tlog
c:\users\acer\documents\visual studio 2015\projects\patterngenerator\patterngenerator\debug\patterngenerator.tlog\link.read.1.tlog
c:\users\acer\documents\visual studio 2015\projects\patterngenerator\patterngenerator\debug\patterngenerator.tlog\link.write.1.tlog
c:\users\acer\documents\visual studio 2015\projects\patterngenerator\patterngenerator\debug\patterngenerator.tlog\rc.command.1.tlog
c:\users\acer\documents\visual studio 2015\projects\patterngenerator\patterngenerator\debug\patterngenerator.tlog\rc.read.1.tlog
c:\users\acer\documents\visual studio 2015\projects\patterngenerator\patterngenerator\debug\patterngenerator.tlog\rc.write.1.tlog
